<?xml version="1.0" encoding="UTF-8"?>
<testsuite name="org.proyecto404.tripservice.user.UserTest" tests="2" skipped="0" failures="0" errors="0" timestamp="2022-04-01T19:56:52" hostname="DESKTOP-N2AL6VB" time="0.006">
  <properties/>
  <testcase name="add trip()" classname="org.proyecto404.tripservice.user.UserTest" time="0.005"/>
  <testcase name="add friend()" classname="org.proyecto404.tripservice.user.UserTest" time="0.001"/>
  <system-out><![CDATA[]]></system-out>
  <system-err><![CDATA[]]></system-err>
</testsuite>
