<?xml version="1.0" encoding="UTF-8"?>
<testsuite name="org.proyecto404.tripservice.trip.TripServiceTest" tests="1" skipped="0" failures="0" errors="0" timestamp="2022-04-01T18:56:29" hostname="DESKTOP-N2AL6VB" time="0.014">
  <properties/>
  <testcase name="fail if user is not logged in()" classname="org.proyecto404.tripservice.trip.TripServiceTest" time="0.014"/>
  <system-out><![CDATA[]]></system-out>
  <system-err><![CDATA[]]></system-err>
</testsuite>
